# JRE version: OpenJDK Runtime Environment (11.0.2+9) (build 11.0.2+9)
# Java VM: OpenJDK 64-Bit Server VM (11.0.2+9, mixed mode, tiered, compressed oops, parallel gc, windows-amd64)
Heap:
 PSYoungGen      total 24064K, used 0K [0x00000000eab00000, 0x00000000eca00000, 0x0000000100000000)
  eden space 22528K, 0% used [0x00000000eab00000,0x00000000eab00000,0x00000000ec100000)
  from space 1536K, 0% used [0x00000000ec380000,0x00000000ec380000,0x00000000ec500000)
  to   space 2560K, 0% used [0x00000000ec780000,0x00000000ec780000,0x00000000eca00000)
 ParOldGen       total 68608K, used 22247K [0x00000000c0000000, 0x00000000c4300000, 0x00000000eab00000)
  object space 68608K, 32% used [0x00000000c0000000,0x00000000c15b9fe0,0x00000000c4300000)
 Metaspace       used 33501K, capacity 35312K, committed 35416K, reserved 1081344K
  class space    used 3174K, capacity 3866K, committed 3928K, reserved 1048576K
GC Heap History (10 events):
Event: 2.485 GC heap before
{Heap before GC invocations=9 (full 1):
 PSYoungGen      total 30720K, used 30705K [0x00000000eab00000, 0x00000000ed480000, 0x0000000100000000)
  eden space 24064K, 100% used [0x00000000eab00000,0x00000000ec280000,0x00000000ec280000)
  from space 6656K, 99% used [0x00000000ec380000,0x00000000ec9fc470,0x00000000eca00000)
  to   space 9216K, 0% used [0x00000000ecb80000,0x00000000ecb80000,0x00000000ed480000)
 ParOldGen       total 68608K, used 10820K [0x00000000c0000000, 0x00000000c4300000, 0x00000000eab00000)
  object space 68608K, 15% used [0x00000000c0000000,0x00000000c0a91318,0x00000000c4300000)
 Metaspace       used 31245K, capacity 32962K, committed 33152K, reserved 1079296K
  class space    used 3014K, capacity 3656K, committed 3712K, reserved 1048576K
}
Event: 2.488 GC heap after
{Heap after GC invocations=9 (full 1):
 PSYoungGen      total 30720K, used 6944K [0x00000000eab00000, 0x00000000ed280000, 0x0000000100000000)
  eden space 23552K, 0% used [0x00000000eab00000,0x00000000eab00000,0x00000000ec200000)
  from space 7168K, 96% used [0x00000000ecb80000,0x00000000ed248010,0x00000000ed280000)
  to   space 7680K, 0% used [0x00000000ec380000,0x00000000ec380000,0x00000000ecb00000)
 ParOldGen       total 68608K, used 12884K [0x00000000c0000000, 0x00000000c4300000, 0x00000000eab00000)
  object space 68608K, 18% used [0x00000000c0000000,0x00000000c0c95238,0x00000000c4300000)
 Metaspace       used 31245K, capacity 32962K, committed 33152K, reserved 1079296K
  class space    used 3014K, capacity 3656K, committed 3712K, reserved 1048576K
}
Event: 2.506 GC heap before
{Heap before GC invocations=10 (full 1):
 PSYoungGen      total 30720K, used 30496K [0x00000000eab00000, 0x00000000ed280000, 0x0000000100000000)
  eden space 23552K, 100% used [0x00000000eab00000,0x00000000ec200000,0x00000000ec200000)
  from space 7168K, 96% used [0x00000000ecb80000,0x00000000ed248010,0x00000000ed280000)
  to   space 7680K, 0% used [0x00000000ec380000,0x00000000ec380000,0x00000000ecb00000)
 ParOldGen       total 68608K, used 12884K [0x00000000c0000000, 0x00000000c4300000, 0x00000000eab00000)
  object space 68608K, 18% used [0x00000000c0000000,0x00000000c0c95238,0x00000000c4300000)
 Metaspace       used 31245K, capacity 32962K, committed 33152K, reserved 1079296K
  class space    used 3014K, capacity 3656K, committed 3712K, reserved 1048576K
}
Event: 2.509 GC heap after
{Heap after GC invocations=10 (full 1):
 PSYoungGen      total 29184K, used 5920K [0x00000000eab00000, 0x00000000ece80000, 0x0000000100000000)
  eden space 23040K, 0% used [0x00000000eab00000,0x00000000eab00000,0x00000000ec180000)
  from space 6144K, 96% used [0x00000000ec380000,0x00000000ec948010,0x00000000ec980000)
  to   space 5120K, 0% used [0x00000000ec980000,0x00000000ec980000,0x00000000ece80000)
 ParOldGen       total 68608K, used 15955K [0x00000000c0000000, 0x00000000c4300000, 0x00000000eab00000)
  object space 68608K, 23% used [0x00000000c0000000,0x00000000c0f94d70,0x00000000c4300000)
 Metaspace       used 31245K, capacity 32962K, committed 33152K, reserved 1079296K
  class space    used 3014K, capacity 3656K, committed 3712K, reserved 1048576K
}
Event: 2.664 GC heap before
{Heap before GC invocations=11 (full 1):
 PSYoungGen      total 29184K, used 28911K [0x00000000eab00000, 0x00000000ece80000, 0x0000000100000000)
  eden space 23040K, 99% used [0x00000000eab00000,0x00000000ec173c98,0x00000000ec180000)
  from space 6144K, 96% used [0x00000000ec380000,0x00000000ec948010,0x00000000ec980000)
  to   space 5120K, 0% used [0x00000000ec980000,0x00000000ec980000,0x00000000ece80000)
 ParOldGen       total 68608K, used 15955K [0x00000000c0000000, 0x00000000c4300000, 0x00000000eab00000)
  object space 68608K, 23% used [0x00000000c0000000,0x00000000c0f94d70,0x00000000c4300000)
 Metaspace       used 32068K, capacity 33935K, committed 34048K, reserved 1079296K
  class space    used 3088K, capacity 3770K, committed 3840K, reserved 1048576K
}
Event: 2.673 GC heap after
{Heap after GC invocations=11 (full 1):
 PSYoungGen      total 27648K, used 4642K [0x00000000eab00000, 0x00000000ece80000, 0x0000000100000000)
  eden space 22528K, 0% used [0x00000000eab00000,0x00000000eab00000,0x00000000ec100000)
  from space 5120K, 90% used [0x00000000ec980000,0x00000000ece08b00,0x00000000ece80000)
  to   space 5632K, 0% used [0x00000000ec380000,0x00000000ec380000,0x00000000ec900000)
 ParOldGen       total 68608K, used 19726K [0x00000000c0000000, 0x00000000c4300000, 0x00000000eab00000)
  object space 68608K, 28% used [0x00000000c0000000,0x00000000c1343ad0,0x00000000c4300000)
 Metaspace       used 32068K, capacity 33935K, committed 34048K, reserved 1079296K
  class space    used 3088K, capacity 3770K, committed 3840K, reserved 1048576K
}
Event: 2.738 GC heap before
{Heap before GC invocations=12 (full 1):
 PSYoungGen      total 27648K, used 17563K [0x00000000eab00000, 0x00000000ece80000, 0x0000000100000000)
  eden space 22528K, 57% used [0x00000000eab00000,0x00000000eb79e1d8,0x00000000ec100000)
  from space 5120K, 90% used [0x00000000ec980000,0x00000000ece08b00,0x00000000ece80000)
  to   space 5632K, 0% used [0x00000000ec380000,0x00000000ec380000,0x00000000ec900000)
 ParOldGen       total 68608K, used 19726K [0x00000000c0000000, 0x00000000c4300000, 0x00000000eab00000)
  object space 68608K, 28% used [0x00000000c0000000,0x00000000c1343ad0,0x00000000c4300000)
 Metaspace       used 33501K, capacity 35312K, committed 35416K, reserved 1081344K
  class space    used 3174K, capacity 3866K, committed 3928K, reserved 1048576K
}
Event: 2.741 GC heap after
{Heap after GC invocations=12 (full 1):
 PSYoungGen      total 24064K, used 1125K [0x00000000eab00000, 0x00000000eca00000, 0x0000000100000000)
  eden space 22528K, 0% used [0x00000000eab00000,0x00000000eab00000,0x00000000ec100000)
  from space 1536K, 73% used [0x00000000ec380000,0x00000000ec499450,0x00000000ec500000)
  to   space 2560K, 0% used [0x00000000ec780000,0x00000000ec780000,0x00000000eca00000)
 ParOldGen       total 68608K, used 24293K [0x00000000c0000000, 0x00000000c4300000, 0x00000000eab00000)
  object space 68608K, 35% used [0x00000000c0000000,0x00000000c17b9450,0x00000000c4300000)
 Metaspace       used 33501K, capacity 35312K, committed 35416K, reserved 1081344K
  class space    used 3174K, capacity 3866K, committed 3928K, reserved 1048576K
}
Event: 2.741 GC heap before
{Heap before GC invocations=13 (full 2):
 PSYoungGen      total 24064K, used 1125K [0x00000000eab00000, 0x00000000eca00000, 0x0000000100000000)
  eden space 22528K, 0% used [0x00000000eab00000,0x00000000eab00000,0x00000000ec100000)
  from space 1536K, 73% used [0x00000000ec380000,0x00000000ec499450,0x00000000ec500000)
  to   space 2560K, 0% used [0x00000000ec780000,0x00000000ec780000,0x00000000eca00000)
 ParOldGen       total 68608K, used 24293K [0x00000000c0000000, 0x00000000c4300000, 0x00000000eab00000)
  object space 68608K, 35% used [0x00000000c0000000,0x00000000c17b9450,0x00000000c4300000)
 Metaspace       used 33501K, capacity 35312K, committed 35416K, reserved 1081344K
  class space    used 3174K, capacity 3866K, committed 3928K, reserved 1048576K
}
Event: 2.793 GC heap after
{Heap after GC invocations=13 (full 2):
 PSYoungGen      total 24064K, used 0K [0x00000000eab00000, 0x00000000eca00000, 0x0000000100000000)
  eden space 22528K, 0% used [0x00000000eab00000,0x00000000eab00000,0x00000000ec100000)
  from space 1536K, 0% used [0x00000000ec380000,0x00000000ec380000,0x00000000ec500000)
  to   space 2560K, 0% used [0x00000000ec780000,0x00000000ec780000,0x00000000eca00000)
 ParOldGen       total 68608K, used 22247K [0x00000000c0000000, 0x00000000c4300000, 0x00000000eab00000)
  object space 68608K, 32% used [0x00000000c0000000,0x00000000c15b9fe0,0x00000000c4300000)
 Metaspace       used 33501K, capacity 35312K, committed 35416K, reserved 1081344K
  class space    used 3174K, capacity 3866K, committed 3928K, reserved 1048576K
}

